[2019-01-15 04:33:50] xcloner_api.INFO: Processing ajax request ID _szlflkn52 [] []
[2019-01-15 04:33:50] xcloner_file_system.INFO: Starting the filesystem scanner on root folder /Applications/MAMP/htdocs/wordpress [] []
[2019-01-15 04:33:50] xcloner_file_system.INFO: Excluding .DS_Store from the filesystem list, matching pattern / ["FILESYSTEM SCAN","EXCLUDE"] []
[2019-01-15 04:33:50] xcloner_file_system.INFO: Excluding .htaccess from the filesystem list, matching pattern / ["FILESYSTEM SCAN","EXCLUDE"] []
[2019-01-15 04:33:50] xcloner_file_system.INFO: Excluding index.php from the filesystem list, matching pattern / ["FILESYSTEM SCAN","EXCLUDE"] []
[2019-01-15 04:33:50] xcloner_file_system.INFO: Excluding licencia.txt from the filesystem list, matching pattern / ["FILESYSTEM SCAN","EXCLUDE"] []
[2019-01-15 04:33:50] xcloner_file_system.INFO: Excluding license.txt from the filesystem list, matching pattern / ["FILESYSTEM SCAN","EXCLUDE"] []
[2019-01-15 04:33:50] xcloner_file_system.INFO: Excluding readme.html from the filesystem list, matching pattern / ["FILESYSTEM SCAN","EXCLUDE"] []
[2019-01-15 04:33:50] xcloner_file_system.INFO: Excluding wp-activate.php from the filesystem list, matching pattern / ["FILESYSTEM SCAN","EXCLUDE"] []
[2019-01-15 04:33:50] xcloner_file_system.INFO: Excluding wp-admin from the filesystem list, matching pattern / ["FILESYSTEM SCAN","EXCLUDE"] []
[2019-01-15 04:33:50] xcloner_file_system.INFO: Excluding wp-blog-header.php from the filesystem list, matching pattern / ["FILESYSTEM SCAN","EXCLUDE"] []
[2019-01-15 04:33:50] xcloner_file_system.INFO: Excluding wp-comments-post.php from the filesystem list, matching pattern / ["FILESYSTEM SCAN","EXCLUDE"] []
[2019-01-15 04:33:50] xcloner_file_system.INFO: Excluding wp-config-sample.php from the filesystem list, matching pattern / ["FILESYSTEM SCAN","EXCLUDE"] []
[2019-01-15 04:33:50] xcloner_file_system.INFO: Excluding wp-config.php from the filesystem list, matching pattern / ["FILESYSTEM SCAN","EXCLUDE"] []
[2019-01-15 04:33:50] xcloner_file_system.INFO: Excluding wp-content from the filesystem list, matching pattern / ["FILESYSTEM SCAN","EXCLUDE"] []
[2019-01-15 04:33:50] xcloner_file_system.INFO: Excluding wp-cron.php from the filesystem list, matching pattern / ["FILESYSTEM SCAN","EXCLUDE"] []
[2019-01-15 04:33:50] xcloner_file_system.INFO: Excluding wp-includes from the filesystem list, matching pattern / ["FILESYSTEM SCAN","EXCLUDE"] []
[2019-01-15 04:33:50] xcloner_file_system.INFO: Excluding wp-links-opml.php from the filesystem list, matching pattern / ["FILESYSTEM SCAN","EXCLUDE"] []
[2019-01-15 04:33:50] xcloner_file_system.INFO: Excluding wp-load.php from the filesystem list, matching pattern / ["FILESYSTEM SCAN","EXCLUDE"] []
[2019-01-15 04:33:50] xcloner_file_system.INFO: Excluding wp-login.php from the filesystem list, matching pattern / ["FILESYSTEM SCAN","EXCLUDE"] []
[2019-01-15 04:33:50] xcloner_file_system.INFO: Excluding wp-mail.php from the filesystem list, matching pattern / ["FILESYSTEM SCAN","EXCLUDE"] []
[2019-01-15 04:33:50] xcloner_file_system.INFO: Excluding wp-settings.php from the filesystem list, matching pattern / ["FILESYSTEM SCAN","EXCLUDE"] []
[2019-01-15 04:33:50] xcloner_file_system.INFO: Excluding wp-signup.php from the filesystem list, matching pattern / ["FILESYSTEM SCAN","EXCLUDE"] []
[2019-01-15 04:33:50] xcloner_file_system.INFO: Excluding wp-trackback.php from the filesystem list, matching pattern / ["FILESYSTEM SCAN","EXCLUDE"] []
[2019-01-15 04:33:50] xcloner_file_system.INFO: Excluding xmlrpc.php from the filesystem list, matching pattern / ["FILESYSTEM SCAN","EXCLUDE"] []
[2019-01-15 04:33:50] xcloner_api.INFO: Processing ajax request ID _q52qxyfks [] []
[2019-01-15 04:33:50] xcloner_database.INFO: Preparing the database recursion file [""] []
[2019-01-15 04:33:50] xcloner_api.INFO: Processing ajax request ID _nloirp2xw [] []
[2019-01-15 04:33:51] xcloner_database.INFO: Starting new backup dump to file database-backup.sql [""] []
[2019-01-15 04:33:51] xcloner_database.INFO: Writing wordpress database dump headers [""] []
[2019-01-15 04:33:51] xcloner_database.INFO: Dumping the structure for wordpress.wp_commentmeta table [""] []
[2019-01-15 04:33:51] xcloner_database.INFO: Dumping 0 records starting position 0 from wordpress.wp_commentmeta table [""] []
[2019-01-15 04:33:51] xcloner_api.INFO: Processing ajax request ID _7qdb4m9c5 [] []
[2019-01-15 04:33:51] xcloner_database.INFO: Dumping the structure for wordpress.wp_comments table [""] []
[2019-01-15 04:33:51] xcloner_database.INFO: Dumping 1 records starting position 0 from wordpress.wp_comments table [""] []
[2019-01-15 04:33:51] xcloner_api.INFO: Processing ajax request ID _pi2m855ud [] []
[2019-01-15 04:33:52] xcloner_database.INFO: Dumping the structure for wordpress.wp_links table [""] []
[2019-01-15 04:33:52] xcloner_database.INFO: Dumping 0 records starting position 0 from wordpress.wp_links table [""] []
[2019-01-15 04:33:52] xcloner_api.INFO: Processing ajax request ID _vgpfeuoav [] []
[2019-01-15 04:33:52] xcloner_database.INFO: Dumping the structure for wordpress.wp_options table [""] []
[2019-01-15 04:33:52] xcloner_database.INFO: Dumping 181 records starting position 0 from wordpress.wp_options table [""] []
[2019-01-15 04:33:52] xcloner_api.INFO: Processing ajax request ID _wjnt5jrav [] []
[2019-01-15 04:33:52] xcloner_database.INFO: Dumping the structure for wordpress.wp_postmeta table [""] []
[2019-01-15 04:33:53] xcloner_database.INFO: Dumping 522 records starting position 0 from wordpress.wp_postmeta table [""] []
[2019-01-15 04:33:53] xcloner_api.INFO: Processing ajax request ID _iuio7mk7y [] []
[2019-01-15 04:33:53] xcloner_database.INFO: Dumping the structure for wordpress.wp_posts table [""] []
[2019-01-15 04:33:53] xcloner_database.INFO: Dumping 169 records starting position 0 from wordpress.wp_posts table [""] []
[2019-01-15 04:33:53] xcloner_api.INFO: Processing ajax request ID _4oeew27v9 [] []
[2019-01-15 04:33:53] xcloner_database.INFO: Dumping the structure for wordpress.wp_term_relationships table [""] []
[2019-01-15 04:33:53] xcloner_database.INFO: Dumping 15 records starting position 0 from wordpress.wp_term_relationships table [""] []
[2019-01-15 04:33:54] xcloner_api.INFO: Processing ajax request ID _v3bgt85of [] []
[2019-01-15 04:33:54] xcloner_database.INFO: Dumping the structure for wordpress.wp_term_taxonomy table [""] []
[2019-01-15 04:33:54] xcloner_database.INFO: Dumping 3 records starting position 0 from wordpress.wp_term_taxonomy table [""] []
[2019-01-15 04:33:54] xcloner_api.INFO: Processing ajax request ID _bphujio88 [] []
[2019-01-15 04:33:54] xcloner_database.INFO: Dumping the structure for wordpress.wp_termmeta table [""] []
[2019-01-15 04:33:54] xcloner_database.INFO: Dumping 0 records starting position 0 from wordpress.wp_termmeta table [""] []
[2019-01-15 04:33:54] xcloner_api.INFO: Processing ajax request ID _tlk3uycwz [] []
[2019-01-15 04:33:55] xcloner_database.INFO: Dumping the structure for wordpress.wp_terms table [""] []
[2019-01-15 04:33:55] xcloner_database.INFO: Dumping 3 records starting position 0 from wordpress.wp_terms table [""] []
[2019-01-15 04:33:55] xcloner_api.INFO: Processing ajax request ID _qewxzaksy [] []
[2019-01-15 04:33:55] xcloner_database.INFO: Dumping the structure for wordpress.wp_usermeta table [""] []
[2019-01-15 04:33:55] xcloner_database.INFO: Dumping 24 records starting position 0 from wordpress.wp_usermeta table [""] []
[2019-01-15 04:33:55] xcloner_api.INFO: Processing ajax request ID _e4e9t9tij [] []
[2019-01-15 04:33:55] xcloner_database.INFO: Dumping the structure for wordpress.wp_users table [""] []
[2019-01-15 04:33:55] xcloner_database.INFO: Dumping 1 records starting position 0 from wordpress.wp_users table [""] []
[2019-01-15 04:33:56] xcloner_api.INFO: Processing ajax request ID _nqe78mdvu [] []
[2019-01-15 04:33:56] xcloner_database.INFO: Dumping the structure for wordpress.wp_xcloner_scheduler table [""] []
[2019-01-15 04:33:56] xcloner_database.INFO: Dumping 0 records starting position 0 from wordpress.wp_xcloner_scheduler table [""] []
[2019-01-15 04:33:56] xcloner_api.INFO: Processing ajax request ID _uv5k69fy8 [] []
[2019-01-15 04:33:56] xcloner_database.INFO: Dumping the structure for wordpress.wp_yoast_seo_links table [""] []
[2019-01-15 04:33:56] xcloner_database.INFO: Dumping 0 records starting position 0 from wordpress.wp_yoast_seo_links table [""] []
[2019-01-15 04:33:56] xcloner_api.INFO: Processing ajax request ID _wk0aarhd8 [] []
[2019-01-15 04:33:57] xcloner_database.INFO: Dumping the structure for wordpress.wp_yoast_seo_meta table [""] []
[2019-01-15 04:33:57] xcloner_database.INFO: Dumping 19 records starting position 0 from wordpress.wp_yoast_seo_meta table [""] []
[2019-01-15 04:33:57] xcloner_api.INFO: Processing ajax request ID _tqydhr0dt [] []
[2019-01-15 04:33:57] xcloner_api.INFO: Processing ajax request ID _jb62jd80h [] []
[2019-01-15 04:33:57] xcloner_archive.INFO: Initializing the backup archive backup_localhost_8888-2019-01-15_04-33-sql [] []
[2019-01-15 04:33:57] xcloner_archive.INFO: Adding 0 bytes of file xcloner-d247a/index.html to archive backup_localhost_8888-2019-01-15_04-33-sql-d247a.tar  [] []
[2019-01-15 04:33:58] xcloner_archive.INFO: Adding 316 bytes of file xcloner-d247a/backup_files.csv to archive backup_localhost_8888-2019-01-15_04-33-sql-d247a.tar  [] []
[2019-01-15 04:33:58] xcloner_archive.INFO: Adding 9453 bytes of file xcloner-d247a/xcloner-d247a.log to archive backup_localhost_8888-2019-01-15_04-33-sql-d247a.tar  [] []
[2019-01-15 04:33:58] xcloner_archive.INFO: Adding 971632 bytes of file xcloner-d247a/database-backup.sql to archive backup_localhost_8888-2019-01-15_04-33-sql-d247a.tar  [] []
[2019-01-15 04:33:58] xcloner_archive.INFO: Closing the backup archive backup_localhost_8888-2019-01-15_04-33-sql-d247a.tar with 2*512 zero bytes blocks. [] []
[2019-01-15 04:33:58] xcloner_archive.INFO: Sending backup notification to jonnhy_09@homtail.com [] []
[2019-01-15 04:34:07] xcloner_api.INFO: Processing ajax request ID _ydrdkljlx [] []
[2019-01-15 04:34:08] xcloner_file_system.INFO: Starting the filesystem scanner on root folder /Applications/MAMP/htdocs/wordpress [] []
[2019-01-15 04:34:08] xcloner_file_system.INFO: Excluding .DS_Store from the filesystem list, matching pattern / ["FILESYSTEM SCAN","EXCLUDE"] []
[2019-01-15 04:34:08] xcloner_file_system.INFO: Excluding .htaccess from the filesystem list, matching pattern / ["FILESYSTEM SCAN","EXCLUDE"] []
[2019-01-15 04:34:08] xcloner_file_system.INFO: Excluding index.php from the filesystem list, matching pattern / ["FILESYSTEM SCAN","EXCLUDE"] []
[2019-01-15 04:34:08] xcloner_file_system.INFO: Excluding licencia.txt from the filesystem list, matching pattern / ["FILESYSTEM SCAN","EXCLUDE"] []
[2019-01-15 04:34:08] xcloner_file_system.INFO: Excluding license.txt from the filesystem list, matching pattern / ["FILESYSTEM SCAN","EXCLUDE"] []
[2019-01-15 04:34:08] xcloner_file_system.INFO: Excluding readme.html from the filesystem list, matching pattern / ["FILESYSTEM SCAN","EXCLUDE"] []
[2019-01-15 04:34:08] xcloner_file_system.INFO: Excluding wp-activate.php from the filesystem list, matching pattern / ["FILESYSTEM SCAN","EXCLUDE"] []
[2019-01-15 04:34:08] xcloner_file_system.INFO: Excluding wp-admin from the filesystem list, matching pattern / ["FILESYSTEM SCAN","EXCLUDE"] []
[2019-01-15 04:34:08] xcloner_file_system.INFO: Excluding wp-blog-header.php from the filesystem list, matching pattern / ["FILESYSTEM SCAN","EXCLUDE"] []
[2019-01-15 04:34:08] xcloner_file_system.INFO: Excluding wp-comments-post.php from the filesystem list, matching pattern / ["FILESYSTEM SCAN","EXCLUDE"] []
[2019-01-15 04:34:08] xcloner_file_system.INFO: Excluding wp-config-sample.php from the filesystem list, matching pattern / ["FILESYSTEM SCAN","EXCLUDE"] []
[2019-01-15 04:34:08] xcloner_file_system.INFO: Excluding wp-config.php from the filesystem list, matching pattern / ["FILESYSTEM SCAN","EXCLUDE"] []
[2019-01-15 04:34:08] xcloner_file_system.INFO: Excluding wp-content from the filesystem list, matching pattern / ["FILESYSTEM SCAN","EXCLUDE"] []
[2019-01-15 04:34:08] xcloner_file_system.INFO: Excluding wp-cron.php from the filesystem list, matching pattern / ["FILESYSTEM SCAN","EXCLUDE"] []
[2019-01-15 04:34:08] xcloner_file_system.INFO: Excluding wp-includes from the filesystem list, matching pattern / ["FILESYSTEM SCAN","EXCLUDE"] []
[2019-01-15 04:34:08] xcloner_file_system.INFO: Excluding wp-links-opml.php from the filesystem list, matching pattern / ["FILESYSTEM SCAN","EXCLUDE"] []
[2019-01-15 04:34:08] xcloner_file_system.INFO: Excluding wp-load.php from the filesystem list, matching pattern / ["FILESYSTEM SCAN","EXCLUDE"] []
[2019-01-15 04:34:08] xcloner_file_system.INFO: Excluding wp-login.php from the filesystem list, matching pattern / ["FILESYSTEM SCAN","EXCLUDE"] []
[2019-01-15 04:34:08] xcloner_file_system.INFO: Excluding wp-mail.php from the filesystem list, matching pattern / ["FILESYSTEM SCAN","EXCLUDE"] []
[2019-01-15 04:34:08] xcloner_file_system.INFO: Excluding wp-settings.php from the filesystem list, matching pattern / ["FILESYSTEM SCAN","EXCLUDE"] []
[2019-01-15 04:34:08] xcloner_file_system.INFO: Excluding wp-signup.php from the filesystem list, matching pattern / ["FILESYSTEM SCAN","EXCLUDE"] []
[2019-01-15 04:34:08] xcloner_file_system.INFO: Excluding wp-trackback.php from the filesystem list, matching pattern / ["FILESYSTEM SCAN","EXCLUDE"] []
[2019-01-15 04:34:08] xcloner_file_system.INFO: Excluding xmlrpc.php from the filesystem list, matching pattern / ["FILESYSTEM SCAN","EXCLUDE"] []
[2019-01-15 04:34:08] xcloner_api.INFO: Processing ajax request ID _kly6jilwb [] []
[2019-01-15 04:34:08] xcloner_database.INFO: Preparing the database recursion file [""] []
[2019-01-15 04:34:08] xcloner_api.INFO: Processing ajax request ID _5qiwjykdr [] []
[2019-01-15 04:34:08] xcloner_database.INFO: Starting new backup dump to file database-backup.sql [""] []
[2019-01-15 04:34:08] xcloner_database.INFO: Writing wordpress database dump headers [""] []
[2019-01-15 04:34:08] xcloner_database.INFO: Dumping the structure for wordpress.wp_commentmeta table [""] []
[2019-01-15 04:34:08] xcloner_database.INFO: Dumping 0 records starting position 0 from wordpress.wp_commentmeta table [""] []
[2019-01-15 04:34:09] xcloner_api.INFO: Processing ajax request ID _eyifdvgi5 [] []
[2019-01-15 04:34:09] xcloner_database.INFO: Dumping the structure for wordpress.wp_comments table [""] []
[2019-01-15 04:34:09] xcloner_database.INFO: Dumping 1 records starting position 0 from wordpress.wp_comments table [""] []
[2019-01-15 04:34:09] xcloner_api.INFO: Processing ajax request ID _xujkx8qv0 [] []
[2019-01-15 04:34:09] xcloner_database.INFO: Dumping the structure for wordpress.wp_links table [""] []
[2019-01-15 04:34:09] xcloner_database.INFO: Dumping 0 records starting position 0 from wordpress.wp_links table [""] []
[2019-01-15 04:34:09] xcloner_api.INFO: Processing ajax request ID _ps173mosk [] []
[2019-01-15 04:34:10] xcloner_database.INFO: Dumping the structure for wordpress.wp_options table [""] []
[2019-01-15 04:34:10] xcloner_database.INFO: Dumping 181 records starting position 0 from wordpress.wp_options table [""] []
[2019-01-15 04:34:10] xcloner_api.INFO: Processing ajax request ID _mbeegigap [] []
[2019-01-15 04:34:10] xcloner_database.INFO: Dumping the structure for wordpress.wp_postmeta table [""] []
[2019-01-15 04:34:10] xcloner_database.INFO: Dumping 522 records starting position 0 from wordpress.wp_postmeta table [""] []
[2019-01-15 04:34:11] xcloner_api.INFO: Processing ajax request ID _t2u66p651 [] []
[2019-01-15 04:34:11] xcloner_database.INFO: Dumping the structure for wordpress.wp_posts table [""] []
[2019-01-15 04:34:11] xcloner_database.INFO: Dumping 169 records starting position 0 from wordpress.wp_posts table [""] []
[2019-01-15 04:34:11] xcloner_api.INFO: Processing ajax request ID _njs106ewi [] []
[2019-01-15 04:34:11] xcloner_database.INFO: Dumping the structure for wordpress.wp_term_relationships table [""] []
[2019-01-15 04:34:11] xcloner_database.INFO: Dumping 15 records starting position 0 from wordpress.wp_term_relationships table [""] []
[2019-01-15 04:34:11] xcloner_api.INFO: Processing ajax request ID _tgleg7i6v [] []
[2019-01-15 04:34:12] xcloner_database.INFO: Dumping the structure for wordpress.wp_term_taxonomy table [""] []
[2019-01-15 04:34:12] xcloner_database.INFO: Dumping 3 records starting position 0 from wordpress.wp_term_taxonomy table [""] []
[2019-01-15 04:34:12] xcloner_api.INFO: Processing ajax request ID _mpmjorans [] []
[2019-01-15 04:34:12] xcloner_database.INFO: Dumping the structure for wordpress.wp_termmeta table [""] []
[2019-01-15 04:34:12] xcloner_database.INFO: Dumping 0 records starting position 0 from wordpress.wp_termmeta table [""] []
[2019-01-15 04:34:12] xcloner_api.INFO: Processing ajax request ID _7c8uuqqxv [] []
[2019-01-15 04:34:12] xcloner_database.INFO: Dumping the structure for wordpress.wp_terms table [""] []
[2019-01-15 04:34:12] xcloner_database.INFO: Dumping 3 records starting position 0 from wordpress.wp_terms table [""] []
[2019-01-15 04:34:13] xcloner_api.INFO: Processing ajax request ID _ehfok2tif [] []
[2019-01-15 04:34:13] xcloner_database.INFO: Dumping the structure for wordpress.wp_usermeta table [""] []
[2019-01-15 04:34:13] xcloner_database.INFO: Dumping 24 records starting position 0 from wordpress.wp_usermeta table [""] []
[2019-01-15 04:34:13] xcloner_api.INFO: Processing ajax request ID _5sj9dedmg [] []
[2019-01-15 04:34:13] xcloner_database.INFO: Dumping the structure for wordpress.wp_users table [""] []
[2019-01-15 04:34:13] xcloner_database.INFO: Dumping 1 records starting position 0 from wordpress.wp_users table [""] []
[2019-01-15 04:34:13] xcloner_api.INFO: Processing ajax request ID _mhrk6hcpi [] []
[2019-01-15 04:34:14] xcloner_database.INFO: Dumping the structure for wordpress.wp_xcloner_scheduler table [""] []
[2019-01-15 04:34:14] xcloner_database.INFO: Dumping 0 records starting position 0 from wordpress.wp_xcloner_scheduler table [""] []
[2019-01-15 04:34:14] xcloner_api.INFO: Processing ajax request ID _dro1h7csa [] []
[2019-01-15 04:34:14] xcloner_database.INFO: Dumping the structure for wordpress.wp_yoast_seo_links table [""] []
[2019-01-15 04:34:14] xcloner_database.INFO: Dumping 0 records starting position 0 from wordpress.wp_yoast_seo_links table [""] []
[2019-01-15 04:34:14] xcloner_api.INFO: Processing ajax request ID _vnrfr2sbw [] []
[2019-01-15 04:34:14] xcloner_database.INFO: Dumping the structure for wordpress.wp_yoast_seo_meta table [""] []
[2019-01-15 04:34:14] xcloner_database.INFO: Dumping 19 records starting position 0 from wordpress.wp_yoast_seo_meta table [""] []
[2019-01-15 04:34:15] xcloner_api.INFO: Processing ajax request ID _rgiawc7zy [] []
[2019-01-15 04:34:15] xcloner_api.INFO: Processing ajax request ID _7tl1zg8qh [] []
[2019-01-15 04:34:15] xcloner_archive.INFO: Initializing the backup archive backup_localhost_8888-2019-01-15_04-34-sql [] []
[2019-01-15 04:34:15] xcloner_archive.INFO: Adding 0 bytes of file xcloner-95335/index.html to archive backup_localhost_8888-2019-01-15_04-34-sql-95335.tar  [] []
[2019-01-15 04:34:15] xcloner_archive.INFO: Adding 316 bytes of file xcloner-95335/backup_files.csv to archive backup_localhost_8888-2019-01-15_04-34-sql-95335.tar  [] []
[2019-01-15 04:34:15] xcloner_archive.INFO: Adding 9453 bytes of file xcloner-95335/xcloner-95335.log to archive backup_localhost_8888-2019-01-15_04-34-sql-95335.tar  [] []
[2019-01-15 04:34:15] xcloner_archive.INFO: Adding 971632 bytes of file xcloner-95335/database-backup.sql to archive backup_localhost_8888-2019-01-15_04-34-sql-95335.tar  [] []
[2019-01-15 04:34:15] xcloner_archive.INFO: Closing the backup archive backup_localhost_8888-2019-01-15_04-34-sql-95335.tar with 2*512 zero bytes blocks. [] []
[2019-01-15 04:34:15] xcloner_archive.INFO: Sending backup notification to jonnhy_09@homtail.com [] []
[2019-01-15 06:04:13] php_system.INFO: E_WARNING: array (   'type' => 2,   'message' => 'closedir() expects parameter 1 to be resource, boolean given',   'file' => '/Applications/MAMP/htdocs/wordpress/wp-admin/includes/file.php',   'line' => 168, ) [] []
[2019-01-15 06:12:16] php_system.INFO: E_WARNING: array (   'type' => 2,   'message' => 'closedir() expects parameter 1 to be resource, boolean given',   'file' => '/Applications/MAMP/htdocs/wordpress/wp-admin/includes/file.php',   'line' => 168, ) [] []
[2019-01-15 07:12:34] php_system.INFO: E_WARNING: array (   'type' => 2,   'message' => 'closedir() expects parameter 1 to be resource, boolean given',   'file' => '/Applications/MAMP/htdocs/wordpress/wp-admin/includes/file.php',   'line' => 168, ) [] []
[2019-01-15 12:54:45] php_system.INFO: E_USER_NOTICE: array (   'type' => 1024,   'message' => 'Ha sucedido un error inesperado. Puede que algo vaya mal con WordPress.org o la configuración de este servidor. Si sigues teniendo problemas, por favor, prueba en los <a href="https://es.wordpress.org/support/">foros de soporte</a>. (WordPress no pudo establecer una conexión segura con WordPress.org. Por favor, contacta con el administrador de tu servidor.)',   'file' => '/Applications/MAMP/htdocs/wordpress/wp-includes/update.php',   'line' => 529, ) [] []
